===> Get the access_token from file token-record.log :  2.001RmSIBlK5JHB7ec553667bNCNxnD
===> The access_token's expires_in : 1535099090.000000
Loop  : 1, Time : Thu Sep  5 20:41:16 2013 , since_id : 3619270368358408 
Loop  : 2, Time : Thu Sep  5 20:42:20 2013 , since_id : 3619271043265913 
Loop  : 3, Time : Thu Sep  5 20:43:24 2013 , since_id : 3619271043265913 
Loop  : 4, Time : Thu Sep  5 20:44:24 2013 , since_id : 3619271043265913 
Loop  : 5, Time : Thu Sep  5 20:45:34 2013 , since_id : 3619271781821519 
Loop  : 6, Time : Thu Sep  5 20:46:34 2013 , since_id : 3619271781821519 
Loop  : 7, Time : Thu Sep  5 20:47:35 2013 , since_id : 3619271781821519 
Loop  : 8, Time : Thu Sep  5 20:48:36 2013 , since_id : 3619271781821519 
Loop  : 9, Time : Thu Sep  5 20:49:36 2013 , since_id : 3619271781821519 
Loop  : 10, Time : Thu Sep  5 20:50:37 2013 , since_id : 3619271781821519 
Loop  : 11, Time : Thu Sep  5 20:51:47 2013 , since_id : 3619271781821519 
Loop  : 12, Time : Thu Sep  5 20:52:51 2013 , since_id : 3619271781821519 
Loop  : 13, Time : Thu Sep  5 20:53:51 2013 , since_id : 3619271781821519 
Loop  : 14, Time : Thu Sep  5 20:54:52 2013 , since_id : 3619271781821519 
Unexpected error: (<class 'urllib2.URLError'>, URLError(SSLError(8, '_ssl.c:490: EOF occurred in violation of protocol'),), <traceback object at 0x88137fc>)
Loop  : 15, Time : Thu Sep  5 20:56:13 2013 , since_id : 3619271781821519 
Loop  : 16, Time : Thu Sep  5 20:57:14 2013 , since_id : 3619274566809291 
Loop  : 17, Time : Thu Sep  5 20:58:15 2013 , since_id : 3619275074608194 
Loop  : 18, Time : Thu Sep  5 20:59:18 2013 , since_id : 3619275074608194 
Loop  : 19, Time : Thu Sep  5 21:00:19 2013 , since_id : 3619275074608194 
Loop  : 20, Time : Thu Sep  5 21:01:20 2013 , since_id : 3619275883657942 
Loop  : 21, Time : Thu Sep  5 21:02:24 2013 , since_id : 3619275883657942 
Loop  : 22, Time : Thu Sep  5 21:03:34 2013 , since_id : 3619276198050239 
Loop  : 23, Time : Thu Sep  5 21:04:34 2013 , since_id : 3619276198050239 
Loop  : 24, Time : Thu Sep  5 21:05:36 2013 , since_id : 3619276743150117 
Loop  : 25, Time : Thu Sep  5 21:06:45 2013 , since_id : 3619276743150117 
Loop  : 26, Time : Thu Sep  5 21:07:49 2013 , since_id : 3619276743150117 
Loop  : 27, Time : Thu Sep  5 21:08:50 2013 , since_id : 3619277590777675 
Loop  : 28, Time : Thu Sep  5 21:09:51 2013 , since_id : 3619277590777675 
Loop  : 29, Time : Thu Sep  5 21:10:53 2013 , since_id : 3619277590777675 
Loop  : 30, Time : Thu Sep  5 21:11:53 2013 , since_id : 3619277590777675 
Loop  : 31, Time : Thu Sep  5 21:12:54 2013 , since_id : 3619277590777675 
Loop  : 32, Time : Thu Sep  5 21:13:55 2013 , since_id : 3619278870081325 
Loop  : 33, Time : Thu Sep  5 21:14:57 2013 , since_id : 3619279310213611 
Loop  : 34, Time : Thu Sep  5 21:16:06 2013 , since_id : 3619279310213611 
Loop  : 35, Time : Thu Sep  5 21:17:10 2013 , since_id : 3619279310213611 
Loop  : 36, Time : Thu Sep  5 21:18:14 2013 , since_id : 3619279310213611 
Loop  : 37, Time : Thu Sep  5 21:19:14 2013 , since_id : 3619279310213611 
Loop  : 38, Time : Thu Sep  5 21:20:15 2013 , since_id : 3619279310213611 
Loop  : 39, Time : Thu Sep  5 21:21:15 2013 , since_id : 3619280858311677 
Loop  : 40, Time : Thu Sep  5 21:22:16 2013 , since_id : 3619280858311677 
Loop  : 41, Time : Thu Sep  5 21:23:25 2013 , since_id : 3619281457495405 
Loop  : 42, Time : Thu Sep  5 21:24:29 2013 , since_id : 3619281457495405 
Loop  : 43, Time : Thu Sep  5 21:25:30 2013 , since_id : 3619281935685913 
Loop  : 44, Time : Thu Sep  5 21:26:31 2013 , since_id : 3619281935685913 
Loop  : 45, Time : Thu Sep  5 21:27:31 2013 , since_id : 3619281935685913 
Loop  : 46, Time : Thu Sep  5 21:28:32 2013 , since_id : 3619281935685913 
Loop  : 47, Time : Thu Sep  5 21:29:33 2013 , since_id : 3619281935685913 
Loop  : 48, Time : Thu Sep  5 21:30:36 2013 , since_id : 3619283194080336 
Loop  : 49, Time : Thu Sep  5 21:31:46 2013 , since_id : 3619283194080336 
Loop  : 50, Time : Thu Sep  5 21:32:49 2013 , since_id : 3619283194080336 
Loop  : 51, Time : Thu Sep  5 21:33:59 2013 , since_id : 3619283194080336 
Loop  : 52, Time : Thu Sep  5 21:35:00 2013 , since_id : 3619283194080336 
Loop  : 53, Time : Thu Sep  5 21:36:01 2013 , since_id : 3619283194080336 
Loop  : 54, Time : Thu Sep  5 21:37:05 2013 , since_id : 3619283194080336 
Loop  : 55, Time : Thu Sep  5 21:38:06 2013 , since_id : 3619283194080336 
Loop  : 56, Time : Thu Sep  5 21:39:07 2013 , since_id : 3619283194080336 
Loop  : 57, Time : Thu Sep  5 21:40:10 2013 , since_id : 3619285660273873 
Loop  : 58, Time : Thu Sep  5 21:41:11 2013 , since_id : 3619285924209285 
Loop  : 59, Time : Thu Sep  5 21:42:12 2013 , since_id : 3619285924209285 
Loop  : 60, Time : Thu Sep  5 21:43:13 2013 , since_id : 3619285924209285 
Unexpected error: (<class 'urllib2.URLError'>, URLError(SSLError(8, '_ssl.c:490: EOF occurred in violation of protocol'),), <traceback object at 0x88233c4>)
Loop  : 61, Time : Thu Sep  5 21:44:32 2013 , since_id : 3619285924209285 
Loop  : 62, Time : Thu Sep  5 21:45:36 2013 , since_id : 3619286809276087 
Loop  : 63, Time : Thu Sep  5 21:46:36 2013 , since_id : 3619287153879273 
Loop  : 64, Time : Thu Sep  5 21:47:39 2013 , since_id : 3619287560558751 
Unexpected error: (<class 'urllib2.URLError'>, URLError(SSLError(8, '_ssl.c:490: EOF occurred in violation of protocol'),), <traceback object at 0x88237d4>)
Loop  : 65, Time : Thu Sep  5 21:49:00 2013 , since_id : 3619287560558751 
Loop  : 66, Time : Thu Sep  5 21:50:01 2013 , since_id : 3619287928981772 
Unexpected error: (<class 'urllib2.URLError'>, URLError(SSLError(8, '_ssl.c:490: EOF occurred in violation of protocol'),), <traceback object at 0x8823414>)
Loop  : 67, Time : Thu Sep  5 21:51:46 2013 , since_id : 3619287928981772 
Loop  : 68, Time : Thu Sep  5 21:52:56 2013 , since_id : 3619287928981772 
Loop  : 69, Time : Thu Sep  5 21:53:57 2013 , since_id : 3619287928981772 
Loop  : 70, Time : Thu Sep  5 21:55:07 2013 , since_id : 3619289393255085 
Unexpected error: (<class 'urllib2.URLError'>, URLError(SSLError(8, '_ssl.c:490: EOF occurred in violation of protocol'),), <traceback object at 0x8823af4>)
Loop  : 71, Time : Thu Sep  5 21:56:28 2013 , since_id : 3619289393255085 
Loop  : 72, Time : Thu Sep  5 21:57:29 2013 , since_id : 3619289393255085 
Loop  : 73, Time : Thu Sep  5 21:58:32 2013 , since_id : 3619289393255085 
Loop  : 74, Time : Thu Sep  5 21:59:34 2013 , since_id : 3619289393255085 
Loop  : 75, Time : Thu Sep  5 22:00:34 2013 , since_id : 3619290755906343 
Loop  : 76, Time : Thu Sep  5 22:01:35 2013 , since_id : 3619291063006890 
Unexpected error: (<class 'urllib2.URLError'>, URLError(SSLError(8, '_ssl.c:490: EOF occurred in violation of protocol'),), <traceback object at 0x882316c>)
Loop  : 77, Time : Thu Sep  5 22:03:01 2013 , since_id : 3619291063006890 
Loop  : 78, Time : Thu Sep  5 22:04:05 2013 , since_id : 3619291302142931 
Loop  : 79, Time : Thu Sep  5 22:05:07 2013 , since_id : 3619291302142931 
Loop  : 80, Time : Thu Sep  5 22:06:07 2013 , since_id : 3619291302142931 
Loop  : 81, Time : Thu Sep  5 22:07:17 2013 , since_id : 3619291302142931 
Loop  : 82, Time : Thu Sep  5 22:08:20 2013 , since_id : 3619292690113241 
Loop  : 83, Time : Thu Sep  5 22:09:24 2013 , since_id : 3619292941377340 
Loop  : 84, Time : Thu Sep  5 22:10:28 2013 , since_id : 3619293298193629 
Loop  : 85, Time : Thu Sep  5 22:11:29 2013 , since_id : 3619293314830750 
Loop  : 86, Time : Thu Sep  5 22:12:33 2013 , since_id : 3619293708757651 
Loop  : 87, Time : Thu Sep  5 22:13:33 2013 , since_id : 3619293708757651 
Loop  : 88, Time : Thu Sep  5 22:14:37 2013 , since_id : 3619293708757651 
Unexpected error: (<class 'urllib2.URLError'>, URLError(SSLError(8, '_ssl.c:490: EOF occurred in violation of protocol'),), <traceback object at 0x881a39c>)
Loop  : 89, Time : Thu Sep  5 22:15:59 2013 , since_id : 3619293708757651 
Loop  : 90, Time : Thu Sep  5 22:17:04 2013 , since_id : 3619293708757651 
Loop  : 91, Time : Thu Sep  5 22:18:05 2013 , since_id : 3619295223607895 
Loop  : 92, Time : Thu Sep  5 22:19:06 2013 , since_id : 3619295466337659 
Loop  : 93, Time : Thu Sep  5 22:20:09 2013 , since_id : 3619295512479258 
Loop  : 94, Time : Thu Sep  5 22:21:11 2013 , since_id : 3619295710403107 
Loop  : 95, Time : Thu Sep  5 22:22:14 2013 , since_id : 3619295710403107 
Loop  : 96, Time : Thu Sep  5 22:23:15 2013 , since_id : 3619296490456595 
Loop  : 97, Time : Thu Sep  5 22:24:15 2013 , since_id : 3619296490456595 
Loop  : 98, Time : Thu Sep  5 22:25:16 2013 , since_id : 3619296490456595 
Loop  : 99, Time : Thu Sep  5 22:26:17 2013 , since_id : 3619297114723450 
Loop  : 100, Time : Thu Sep  5 22:27:18 2013 , since_id : 3619297114723450 
Loop  : 101, Time : Thu Sep  5 22:28:19 2013 , since_id : 3619297114723450 
Loop  : 102, Time : Thu Sep  5 22:29:20 2013 , since_id : 3619297114723450 
Loop  : 103, Time : Thu Sep  5 22:30:24 2013 , since_id : 3619298284887751 
Loop  : 104, Time : Thu Sep  5 22:31:24 2013 , since_id : 3619298284887751 
Loop  : 105, Time : Thu Sep  5 22:32:28 2013 , since_id : 3619298284887751 
Loop  : 106, Time : Thu Sep  5 22:33:30 2013 , since_id : 3619298284887751 
Loop  : 107, Time : Thu Sep  5 22:34:40 2013 , since_id : 3619299233276073 
Loop  : 108, Time : Thu Sep  5 22:35:41 2013 , since_id : 3619299233276073 
Unexpected error: (<class 'urllib2.URLError'>, URLError(SSLError(8, '_ssl.c:490: EOF occurred in violation of protocol'),), <traceback object at 0x8814a54>)
Loop  : 109, Time : Thu Sep  5 22:37:26 2013 , since_id : 3619299233276073 
Loop  : 110, Time : Thu Sep  5 22:38:26 2013 , since_id : 3619299836651328 
Loop  : 111, Time : Thu Sep  5 22:39:27 2013 , since_id : 3619300491681666 
Loop  : 112, Time : Thu Sep  5 22:40:29 2013 , since_id : 3619300491681666 
Loop  : 113, Time : Thu Sep  5 22:41:34 2013 , since_id : 3619300491681666 
Loop  : 114, Time : Thu Sep  5 22:42:35 2013 , since_id : 3619300491681666 
Loop  : 115, Time : Thu Sep  5 22:43:36 2013 , since_id : 3619301493542494 
Loop  : 116, Time : Thu Sep  5 22:44:37 2013 , since_id : 3619301493542494 
Loop  : 117, Time : Thu Sep  5 22:45:38 2013 , since_id : 3619301493542494 
Loop  : 118, Time : Thu Sep  5 22:46:38 2013 , since_id : 3619301493542494 
Loop  : 119, Time : Thu Sep  5 22:47:39 2013 , since_id : 3619301493542494 
Loop  : 120, Time : Thu Sep  5 22:48:48 2013 , since_id : 3619302886655152 
Loop  : 121, Time : Thu Sep  5 22:49:55 2013 , since_id : 3619302886655152 
Loop  : 122, Time : Thu Sep  5 22:50:59 2013 , since_id : 3619303259737498 
Loop  : 123, Time : Thu Sep  5 22:51:59 2013 , since_id : 3619303259737498 
Loop  : 124, Time : Thu Sep  5 22:53:09 2013 , since_id : 3619303909402336 
Loop  : 125, Time : Thu Sep  5 22:54:10 2013 , since_id : 3619304068987404 
Loop  : 126, Time : Thu Sep  5 22:55:13 2013 , since_id : 3619304068987404 
Loop  : 127, Time : Thu Sep  5 22:56:23 2013 , since_id : 3619304068987404 
Loop  : 128, Time : Thu Sep  5 22:57:24 2013 , since_id : 3619304068987404 
Loop  : 129, Time : Thu Sep  5 22:58:25 2013 , since_id : 3619304068987404 
Loop  : 130, Time : Thu Sep  5 22:59:25 2013 , since_id : 3619304068987404 
Loop  : 131, Time : Thu Sep  5 23:00:26 2013 , since_id : 3619305784147982 
Loop  : 132, Time : Thu Sep  5 23:01:27 2013 , since_id : 3619305939553041 
Loop  : 133, Time : Thu Sep  5 23:02:27 2013 , since_id : 3619306191032282 
Loop  : 134, Time : Thu Sep  5 23:03:31 2013 , since_id : 3619306191032282 
Loop  : 135, Time : Thu Sep  5 23:04:32 2013 , since_id : 3619306191032282 
Loop  : 136, Time : Thu Sep  5 23:05:33 2013 , since_id : 3619306191032282 
Loop  : 137, Time : Thu Sep  5 23:06:34 2013 , since_id : 3619307286461140 
Loop  : 138, Time : Thu Sep  5 23:07:34 2013 , since_id : 3619307286461140 
Loop  : 139, Time : Thu Sep  5 23:08:35 2013 , since_id : 3619307910852230 
Loop  : 140, Time : Thu Sep  5 23:09:35 2013 , since_id : 3619307965600476 
Loop  : 141, Time : Thu Sep  5 23:10:36 2013 , since_id : 3619307965600476 
Loop  : 142, Time : Thu Sep  5 23:11:37 2013 , since_id : 3619307965600476 
Loop  : 143, Time : Thu Sep  5 23:12:38 2013 , since_id : 3619308905346580 
Loop  : 144, Time : Thu Sep  5 23:13:38 2013 , since_id : 3619308905346580 
Loop  : 145, Time : Thu Sep  5 23:14:39 2013 , since_id : 3619308905346580 
Loop  : 146, Time : Thu Sep  5 23:15:41 2013 , since_id : 3619308905346580 
Loop  : 147, Time : Thu Sep  5 23:16:44 2013 , since_id : 3619308905346580 
Loop  : 148, Time : Thu Sep  5 23:17:45 2013 , since_id : 3619310024697502 
Loop  : 149, Time : Thu Sep  5 23:18:45 2013 , since_id : 3619310306515596 
Loop  : 150, Time : Thu Sep  5 23:19:46 2013 , since_id : 3619310306515596 
Loop  : 151, Time : Thu Sep  5 23:20:55 2013 , since_id : 3619310943560612 
Loop  : 152, Time : Thu Sep  5 23:21:56 2013 , since_id : 3619311199434820 
Loop  : 153, Time : Thu Sep  5 23:22:57 2013 , since_id : 3619311317112708 
Loop  : 154, Time : Thu Sep  5 23:24:00 2013 , since_id : 3619311317112708 
Loop  : 155, Time : Thu Sep  5 23:25:02 2013 , since_id : 3619311317112708 
Loop  : 156, Time : Thu Sep  5 23:26:02 2013 , since_id : 3619311317112708 
Loop  : 157, Time : Thu Sep  5 23:27:04 2013 , since_id : 3619311317112708 
Loop  : 158, Time : Thu Sep  5 23:28:05 2013 , since_id : 3619311317112708 
Loop  : 159, Time : Thu Sep  5 23:29:05 2013 , since_id : 3619312935958102 
Loop  : 160, Time : Thu Sep  5 23:30:06 2013 , since_id : 3619312935958102 
Loop  : 161, Time : Thu Sep  5 23:31:07 2013 , since_id : 3619312935958102 
Loop  : 162, Time : Thu Sep  5 23:32:08 2013 , since_id : 3619312935958102 
Loop  : 163, Time : Thu Sep  5 23:33:09 2013 , since_id : 3619312935958102 
Loop  : 164, Time : Thu Sep  5 23:34:12 2013 , since_id : 3619312935958102 
Loop  : 165, Time : Thu Sep  5 23:35:13 2013 , since_id : 3619312935958102 
Loop  : 166, Time : Thu Sep  5 23:36:23 2013 , since_id : 3619312935958102 
Loop  : 167, Time : Thu Sep  5 23:37:24 2013 , since_id : 3619312935958102 
Loop  : 168, Time : Thu Sep  5 23:38:25 2013 , since_id : 3619315339297889 
Loop  : 169, Time : Thu Sep  5 23:39:25 2013 , since_id : 3619315691118508 
Loop  : 170, Time : Thu Sep  5 23:40:26 2013 , since_id : 3619315691118508 
Loop  : 171, Time : Thu Sep  5 23:41:27 2013 , since_id : 3619315691118508 
Loop  : 172, Time : Thu Sep  5 23:42:28 2013 , since_id : 3619316404466671 
Loop  : 173, Time : Thu Sep  5 23:43:29 2013 , since_id : 3619316404466671 
Loop  : 174, Time : Thu Sep  5 23:44:33 2013 , since_id : 3619316404466671 
Loop  : 175, Time : Thu Sep  5 23:45:33 2013 , since_id : 3619316404466671 
Loop  : 176, Time : Thu Sep  5 23:46:34 2013 , since_id : 3619316404466671 
Loop  : 177, Time : Thu Sep  5 23:47:34 2013 , since_id : 3619316404466671 
Loop  : 178, Time : Thu Sep  5 23:48:35 2013 , since_id : 3619317856270779 
Unexpected error: (<class 'urllib2.URLError'>, URLError(SSLError(8, '_ssl.c:490: EOF occurred in violation of protocol'),), <traceback object at 0x886c324>)
Loop  : 179, Time : Thu Sep  5 23:50:24 2013 , since_id : 3619317856270779 
Loop  : 180, Time : Thu Sep  5 23:51:24 2013 , since_id : 3619318560234898 
Loop  : 181, Time : Thu Sep  5 23:52:25 2013 , since_id : 3619318560234898 
Loop  : 182, Time : Thu Sep  5 23:53:25 2013 , since_id : 3619318560234898 
Loop  : 183, Time : Thu Sep  5 23:54:26 2013 , since_id : 3619319365867286 
Loop  : 184, Time : Thu Sep  5 23:55:27 2013 , since_id : 3619319365867286 
Loop  : 185, Time : Thu Sep  5 23:56:27 2013 , since_id : 3619319365867286 
Loop  : 186, Time : Thu Sep  5 23:57:28 2013 , since_id : 3619319365867286 
Loop  : 187, Time : Thu Sep  5 23:58:31 2013 , since_id : 3619319365867286 
Loop  : 188, Time : Thu Sep  5 23:59:41 2013 , since_id : 3619319365867286 
Loop  : 189, Time : Fri Sep  6 00:00:43 2013 , since_id : 3619320925694834 
Loop  : 190, Time : Fri Sep  6 00:01:43 2013 , since_id : 3619320925694834 
Loop  : 191, Time : Fri Sep  6 00:02:44 2013 , since_id : 3619320925694834 
Loop  : 192, Time : Fri Sep  6 00:03:45 2013 , since_id : 3619320925694834 
Loop  : 193, Time : Fri Sep  6 00:04:57 2013 , since_id : 3619320925694834 
Loop  : 194, Time : Fri Sep  6 00:05:58 2013 , since_id : 3619320925694834 
Loop  : 195, Time : Fri Sep  6 00:07:02 2013 , since_id : 3619320925694834 
Loop  : 196, Time : Fri Sep  6 00:08:03 2013 , since_id : 3619322889032469 
Loop  : 197, Time : Fri Sep  6 00:09:03 2013 , since_id : 3619322889032469 
Loop  : 198, Time : Fri Sep  6 00:10:07 2013 , since_id : 3619323392797168 
Loop  : 199, Time : Fri Sep  6 00:11:08 2013 , since_id : 3619323392797168 
Loop  : 200, Time : Fri Sep  6 00:12:08 2013 , since_id : 3619323392797168 
Loop  : 201, Time : Fri Sep  6 00:13:09 2013 , since_id : 3619323392797168 
Loop  : 202, Time : Fri Sep  6 00:14:10 2013 , since_id : 3619323392797168 
Loop  : 203, Time : Fri Sep  6 00:15:11 2013 , since_id : 3619323392797168 
Loop  : 204, Time : Fri Sep  6 00:16:12 2013 , since_id : 3619323392797168 
Loop  : 205, Time : Fri Sep  6 00:17:13 2013 , since_id : 3619323392797168 
Loop  : 206, Time : Fri Sep  6 00:18:13 2013 , since_id : 3619323392797168 
Loop  : 207, Time : Fri Sep  6 00:19:14 2013 , since_id : 3619323392797168 
Loop  : 208, Time : Fri Sep  6 00:20:15 2013 , since_id : 3619325909353372 
Loop  : 209, Time : Fri Sep  6 00:21:16 2013 , since_id : 3619325909353372 
Loop  : 210, Time : Fri Sep  6 00:22:17 2013 , since_id : 3619325909353372 
Loop  : 211, Time : Fri Sep  6 00:23:17 2013 , since_id : 3619325909353372 
Loop  : 212, Time : Fri Sep  6 00:24:18 2013 , since_id : 3619326844165129 
Loop  : 213, Time : Fri Sep  6 00:25:19 2013 , since_id : 3619326844165129 
Loop  : 214, Time : Fri Sep  6 00:26:19 2013 , since_id : 3619326844165129 
Loop  : 215, Time : Fri Sep  6 00:27:20 2013 , since_id : 3619326844165129 
Loop  : 216, Time : Fri Sep  6 00:28:20 2013 , since_id : 3619326844165129 
Loop  : 217, Time : Fri Sep  6 00:29:21 2013 , since_id : 3619326844165129 
Loop  : 218, Time : Fri Sep  6 00:30:21 2013 , since_id : 3619328442651012 
Loop  : 219, Time : Fri Sep  6 00:31:22 2013 , since_id : 3619328442651012 
Loop  : 220, Time : Fri Sep  6 00:32:23 2013 , since_id : 3619328442651012 
Loop  : 221, Time : Fri Sep  6 00:33:24 2013 , since_id : 3619328442651012 
Loop  : 222, Time : Fri Sep  6 00:34:24 2013 , since_id : 3619328442651012 
Loop  : 223, Time : Fri Sep  6 00:35:25 2013 , since_id : 3619328442651012 
Loop  : 224, Time : Fri Sep  6 00:36:26 2013 , since_id : 3619329931317270 
Loop  : 225, Time : Fri Sep  6 00:37:30 2013 , since_id : 3619329931317270 
Loop  : 226, Time : Fri Sep  6 00:38:30 2013 , since_id : 3619329931317270 
Loop  : 227, Time : Fri Sep  6 00:39:30 2013 , since_id : 3619329931317270 
Loop  : 228, Time : Fri Sep  6 00:40:31 2013 , since_id : 3619329931317270 
Loop  : 229, Time : Fri Sep  6 00:41:31 2013 , since_id : 3619329931317270 
Loop  : 230, Time : Fri Sep  6 00:42:35 2013 , since_id : 3619329931317270 
Loop  : 231, Time : Fri Sep  6 00:43:36 2013 , since_id : 3619329931317270 
Loop  : 232, Time : Fri Sep  6 00:44:36 2013 , since_id : 3619329931317270 
Loop  : 233, Time : Fri Sep  6 00:45:37 2013 , since_id : 3619329931317270 
Loop  : 234, Time : Fri Sep  6 00:46:37 2013 , since_id : 3619329931317270 
Loop  : 235, Time : Fri Sep  6 00:47:38 2013 , since_id : 3619329931317270 
Loop  : 236, Time : Fri Sep  6 00:48:39 2013 , since_id : 3619329931317270 
Loop  : 237, Time : Fri Sep  6 00:49:39 2013 , since_id : 3619329931317270 
Loop  : 238, Time : Fri Sep  6 00:50:40 2013 , since_id : 3619329931317270 
Loop  : 239, Time : Fri Sep  6 00:51:40 2013 , since_id : 3619333706130361 
Loop  : 240, Time : Fri Sep  6 00:52:44 2013 , since_id : 3619333706130361 
Loop  : 241, Time : Fri Sep  6 00:53:45 2013 , since_id : 3619333706130361 
Loop  : 242, Time : Fri Sep  6 00:54:46 2013 , since_id : 3619333706130361 
Loop  : 243, Time : Fri Sep  6 00:55:46 2013 , since_id : 3619333706130361 
Loop  : 244, Time : Fri Sep  6 00:56:47 2013 , since_id : 3619333706130361 
Loop  : 245, Time : Fri Sep  6 00:57:56 2013 , since_id : 3619333706130361 
Loop  : 246, Time : Fri Sep  6 00:58:57 2013 , since_id : 3619335492803772 
Loop  : 247, Time : Fri Sep  6 00:59:57 2013 , since_id : 3619335492803772 
Loop  : 248, Time : Fri Sep  6 01:00:58 2013 , since_id : 3619335492803772 
Loop  : 249, Time : Fri Sep  6 01:01:58 2013 , since_id : 3619335492803772 
Loop  : 250, Time : Fri Sep  6 01:02:59 2013 , since_id : 3619335492803772 
Loop  : 251, Time : Fri Sep  6 01:04:02 2013 , since_id : 3619335492803772 
Loop  : 252, Time : Fri Sep  6 01:05:03 2013 , since_id : 3619335492803772 
Loop  : 253, Time : Fri Sep  6 01:06:03 2013 , since_id : 3619337481184111 
Loop  : 254, Time : Fri Sep  6 01:07:04 2013 , since_id : 3619337481184111 
Loop  : 255, Time : Fri Sep  6 01:08:05 2013 , since_id : 3619337481184111 
Loop  : 256, Time : Fri Sep  6 01:09:06 2013 , since_id : 3619337481184111 
Loop  : 257, Time : Fri Sep  6 01:10:07 2013 , since_id : 3619337481184111 
Loop  : 258, Time : Fri Sep  6 01:11:07 2013 , since_id : 3619337481184111 
Loop  : 259, Time : Fri Sep  6 01:12:07 2013 , since_id : 3619337481184111 
Loop  : 260, Time : Fri Sep  6 01:13:08 2013 , since_id : 3619337481184111 
Loop  : 261, Time : Fri Sep  6 01:14:09 2013 , since_id : 3619337481184111 
Loop  : 262, Time : Fri Sep  6 01:15:10 2013 , since_id : 3619337481184111 
Loop  : 263, Time : Fri Sep  6 01:16:11 2013 , since_id : 3619337481184111 
Loop  : 264, Time : Fri Sep  6 01:17:12 2013 , since_id : 3619340265561874 
Loop  : 265, Time : Fri Sep  6 01:18:12 2013 , since_id : 3619340265561874 
Loop  : 266, Time : Fri Sep  6 01:19:13 2013 , since_id : 3619340265561874 
Loop  : 267, Time : Fri Sep  6 01:20:13 2013 , since_id : 3619340265561874 
Loop  : 268, Time : Fri Sep  6 01:21:14 2013 , since_id : 3619340265561874 
Loop  : 269, Time : Fri Sep  6 01:22:15 2013 , since_id : 3619340265561874 
Loop  : 270, Time : Fri Sep  6 01:23:16 2013 , since_id : 3619340265561874 
Loop  : 271, Time : Fri Sep  6 01:24:17 2013 , since_id : 3619340265561874 
Loop  : 272, Time : Fri Sep  6 01:25:17 2013 , since_id : 3619340265561874 
Loop  : 273, Time : Fri Sep  6 01:26:21 2013 , since_id : 3619340265561874 
Loop  : 274, Time : Fri Sep  6 01:27:22 2013 , since_id : 3619342765886974 
Loop  : 275, Time : Fri Sep  6 01:28:22 2013 , since_id : 3619342765886974 
Loop  : 276, Time : Fri Sep  6 01:29:23 2013 , since_id : 3619343184704147 
Loop  : 277, Time : Fri Sep  6 01:30:23 2013 , since_id : 3619343184704147 
Loop  : 278, Time : Fri Sep  6 01:31:27 2013 , since_id : 3619343184704147 
Loop  : 279, Time : Fri Sep  6 01:32:27 2013 , since_id : 3619343184704147 
Loop  : 280, Time : Fri Sep  6 01:33:28 2013 , since_id : 3619343184704147 
Loop  : 281, Time : Fri Sep  6 01:34:29 2013 , since_id : 3619343184704147 
Loop  : 282, Time : Fri Sep  6 01:35:29 2013 , since_id : 3619343184704147 
Loop  : 283, Time : Fri Sep  6 01:36:30 2013 , since_id : 3619343184704147 
Loop  : 284, Time : Fri Sep  6 01:37:30 2013 , since_id : 3619345290860881 
Loop  : 285, Time : Fri Sep  6 01:38:31 2013 , since_id : 3619345290860881 
Loop  : 286, Time : Fri Sep  6 01:39:32 2013 , since_id : 3619345290860881 
Loop  : 287, Time : Fri Sep  6 01:40:33 2013 , since_id : 3619345290860881 
Loop  : 288, Time : Fri Sep  6 01:41:34 2013 , since_id : 3619345290860881 
Loop  : 289, Time : Fri Sep  6 01:42:34 2013 , since_id : 3619345290860881 
Loop  : 290, Time : Fri Sep  6 01:43:35 2013 , since_id : 3619345290860881 
Loop  : 291, Time : Fri Sep  6 01:44:38 2013 , since_id : 3619345290860881 
Loop  : 292, Time : Fri Sep  6 01:45:39 2013 , since_id : 3619345290860881 
Loop  : 293, Time : Fri Sep  6 01:46:40 2013 , since_id : 3619345290860881 
Loop  : 294, Time : Fri Sep  6 01:47:40 2013 , since_id : 3619345290860881 
Loop  : 295, Time : Fri Sep  6 01:48:41 2013 , since_id : 3619345290860881 
Loop  : 296, Time : Fri Sep  6 01:49:41 2013 , since_id : 3619345290860881 
Loop  : 297, Time : Fri Sep  6 01:50:42 2013 , since_id : 3619345290860881 
Loop  : 298, Time : Fri Sep  6 01:51:42 2013 , since_id : 3619345290860881 
Loop  : 299, Time : Fri Sep  6 01:52:43 2013 , since_id : 3619345290860881 
Loop  : 300, Time : Fri Sep  6 01:53:43 2013 , since_id : 3619345290860881 
Loop  : 301, Time : Fri Sep  6 01:54:44 2013 , since_id : 3619345290860881 
Loop  : 302, Time : Fri Sep  6 01:55:44 2013 , since_id : 3619345290860881 
Loop  : 303, Time : Fri Sep  6 01:56:45 2013 , since_id : 3619345290860881 
Loop  : 304, Time : Fri Sep  6 01:57:46 2013 , since_id : 3619345290860881 
Loop  : 305, Time : Fri Sep  6 01:58:46 2013 , since_id : 3619345290860881 
Loop  : 306, Time : Fri Sep  6 01:59:50 2013 , since_id : 3619345290860881 
Loop  : 307, Time : Fri Sep  6 02:00:50 2013 , since_id : 3619345290860881 
Loop  : 308, Time : Fri Sep  6 02:01:51 2013 , since_id : 3619345290860881 
Loop  : 309, Time : Fri Sep  6 02:02:51 2013 , since_id : 3619345290860881 
Loop  : 310, Time : Fri Sep  6 02:03:52 2013 , since_id : 3619345290860881 
Loop  : 311, Time : Fri Sep  6 02:05:01 2013 , since_id : 3619345290860881 
Loop  : 312, Time : Fri Sep  6 02:06:02 2013 , since_id : 3619345290860881 
Loop  : 313, Time : Fri Sep  6 02:07:03 2013 , since_id : 3619345290860881 
Loop  : 314, Time : Fri Sep  6 02:08:03 2013 , since_id : 3619345290860881 
Loop  : 315, Time : Fri Sep  6 02:09:04 2013 , since_id : 3619345290860881 
Loop  : 316, Time : Fri Sep  6 02:10:04 2013 , since_id : 3619345290860881 
Loop  : 317, Time : Fri Sep  6 02:11:05 2013 , since_id : 3619345290860881 
Loop  : 318, Time : Fri Sep  6 02:12:05 2013 , since_id : 3619345290860881 
Loop  : 319, Time : Fri Sep  6 02:13:06 2013 , since_id : 3619345290860881 
Loop  : 320, Time : Fri Sep  6 02:14:06 2013 , since_id : 3619345290860881 
Loop  : 321, Time : Fri Sep  6 02:15:10 2013 , since_id : 3619345290860881 
Loop  : 322, Time : Fri Sep  6 02:16:19 2013 , since_id : 3619345290860881 
Loop  : 323, Time : Fri Sep  6 02:17:20 2013 , since_id : 3619345290860881 
Loop  : 324, Time : Fri Sep  6 02:18:22 2013 , since_id : 3619355537151244 
Loop  : 325, Time : Fri Sep  6 02:19:23 2013 , since_id : 3619355537151244 
Loop  : 326, Time : Fri Sep  6 02:20:23 2013 , since_id : 3619355537151244 
Loop  : 327, Time : Fri Sep  6 02:21:29 2013 , since_id : 3619355537151244 
Loop  : 328, Time : Fri Sep  6 02:22:30 2013 , since_id : 3619355537151244 
Loop  : 329, Time : Fri Sep  6 02:23:33 2013 , since_id : 3619355537151244 
Loop  : 330, Time : Fri Sep  6 02:24:34 2013 , since_id : 3619355537151244 
Loop  : 331, Time : Fri Sep  6 02:25:34 2013 , since_id : 3619355537151244 
Loop  : 332, Time : Fri Sep  6 02:26:35 2013 , since_id : 3619355537151244 
Loop  : 333, Time : Fri Sep  6 02:27:35 2013 , since_id : 3619357865327418 
Loop  : 334, Time : Fri Sep  6 02:28:36 2013 , since_id : 3619357865327418 
Loop  : 335, Time : Fri Sep  6 02:29:36 2013 , since_id : 3619357865327418 
Loop  : 336, Time : Fri Sep  6 02:30:36 2013 , since_id : 3619357865327418 
Loop  : 337, Time : Fri Sep  6 02:31:37 2013 , since_id : 3619357865327418 
Loop  : 338, Time : Fri Sep  6 02:32:41 2013 , since_id : 3619357865327418 
Loop  : 339, Time : Fri Sep  6 02:33:41 2013 , since_id : 3619357865327418 
Loop  : 340, Time : Fri Sep  6 02:34:41 2013 , since_id : 3619357865327418 
Loop  : 341, Time : Fri Sep  6 02:35:42 2013 , since_id : 3619357865327418 
Loop  : 342, Time : Fri Sep  6 02:36:43 2013 , since_id : 3619357865327418 
Loop  : 343, Time : Fri Sep  6 02:37:43 2013 , since_id : 3619357865327418 
Loop  : 344, Time : Fri Sep  6 02:38:44 2013 , since_id : 3619357865327418 
Loop  : 345, Time : Fri Sep  6 02:39:44 2013 , since_id : 3619360914209905 
Loop  : 346, Time : Fri Sep  6 02:40:45 2013 , since_id : 3619360914209905 
Loop  : 347, Time : Fri Sep  6 02:41:45 2013 , since_id : 3619360914209905 
Loop  : 348, Time : Fri Sep  6 02:42:46 2013 , since_id : 3619360914209905 
Loop  : 349, Time : Fri Sep  6 02:43:46 2013 , since_id : 3619360914209905 
Loop  : 350, Time : Fri Sep  6 02:44:47 2013 , since_id : 3619360914209905 
Loop  : 351, Time : Fri Sep  6 02:45:47 2013 , since_id : 3619360914209905 
Loop  : 352, Time : Fri Sep  6 02:46:51 2013 , since_id : 3619360914209905 
Loop  : 353, Time : Fri Sep  6 02:47:51 2013 , since_id : 3619360914209905 
Loop  : 354, Time : Fri Sep  6 02:48:52 2013 , since_id : 3619360914209905 
Loop  : 355, Time : Fri Sep  6 02:49:52 2013 , since_id : 3619360914209905 
Loop  : 356, Time : Fri Sep  6 02:50:53 2013 , since_id : 3619360914209905 
Loop  : 357, Time : Fri Sep  6 02:51:53 2013 , since_id : 3619360914209905 
Loop  : 358, Time : Fri Sep  6 02:52:54 2013 , since_id : 3619360914209905 
Loop  : 359, Time : Fri Sep  6 02:53:55 2013 , since_id : 3619360914209905 
Loop  : 360, Time : Fri Sep  6 02:54:55 2013 , since_id : 3619360914209905 
Loop  : 361, Time : Fri Sep  6 02:55:56 2013 , since_id : 3619360914209905 
Loop  : 362, Time : Fri Sep  6 02:56:59 2013 , since_id : 3619360914209905 
Loop  : 363, Time : Fri Sep  6 02:57:59 2013 , since_id : 3619360914209905 
Loop  : 364, Time : Fri Sep  6 02:59:00 2013 , since_id : 3619360914209905 
Loop  : 365, Time : Fri Sep  6 03:00:01 2013 , since_id : 3619360914209905 
Loop  : 366, Time : Fri Sep  6 03:01:01 2013 , since_id : 3619360914209905 
Loop  : 367, Time : Fri Sep  6 03:02:02 2013 , since_id : 3619360914209905 
Loop  : 368, Time : Fri Sep  6 03:03:11 2013 , since_id : 3619360914209905 
Loop  : 369, Time : Fri Sep  6 03:04:12 2013 , since_id : 3619360914209905 
Loop  : 370, Time : Fri Sep  6 03:05:13 2013 , since_id : 3619360914209905 
Loop  : 371, Time : Fri Sep  6 03:06:13 2013 , since_id : 3619360914209905 
Loop  : 372, Time : Fri Sep  6 03:07:13 2013 , since_id : 3619360914209905 
Loop  : 373, Time : Fri Sep  6 03:08:14 2013 , since_id : 3619360914209905 
Loop  : 374, Time : Fri Sep  6 03:09:15 2013 , since_id : 3619360914209905 
Loop  : 375, Time : Fri Sep  6 03:10:15 2013 , since_id : 3619360914209905 
Loop  : 376, Time : Fri Sep  6 03:11:16 2013 , since_id : 3619360914209905 
Loop  : 377, Time : Fri Sep  6 03:12:16 2013 , since_id : 3619360914209905 
Loop  : 378, Time : Fri Sep  6 03:13:17 2013 , since_id : 3619360914209905 
Loop  : 379, Time : Fri Sep  6 03:14:17 2013 , since_id : 3619360914209905 
Loop  : 380, Time : Fri Sep  6 03:15:18 2013 , since_id : 3619360914209905 
Loop  : 381, Time : Fri Sep  6 03:16:18 2013 , since_id : 3619360914209905 
Loop  : 382, Time : Fri Sep  6 03:17:19 2013 , since_id : 3619360914209905 
Loop  : 383, Time : Fri Sep  6 03:18:19 2013 , since_id : 3619360914209905 
Loop  : 384, Time : Fri Sep  6 03:19:20 2013 , since_id : 3619360914209905 
Loop  : 385, Time : Fri Sep  6 03:20:20 2013 , since_id : 3619360914209905 
Loop  : 386, Time : Fri Sep  6 03:21:21 2013 , since_id : 3619360914209905 
Loop  : 387, Time : Fri Sep  6 03:22:21 2013 , since_id : 3619360914209905 
Loop  : 388, Time : Fri Sep  6 03:23:21 2013 , since_id : 3619360914209905 
Loop  : 389, Time : Fri Sep  6 03:24:22 2013 , since_id : 3619360914209905 
Loop  : 390, Time : Fri Sep  6 03:25:23 2013 , since_id : 3619360914209905 
Loop  : 391, Time : Fri Sep  6 03:26:23 2013 , since_id : 3619360914209905 
Loop  : 392, Time : Fri Sep  6 03:27:24 2013 , since_id : 3619372964983941 
Loop  : 393, Time : Fri Sep  6 03:28:24 2013 , since_id : 3619372964983941 
Loop  : 394, Time : Fri Sep  6 03:29:25 2013 , since_id : 3619372964983941 
Loop  : 395, Time : Fri Sep  6 03:30:25 2013 , since_id : 3619372964983941 
Loop  : 396, Time : Fri Sep  6 03:31:26 2013 , since_id : 3619372964983941 
Loop  : 397, Time : Fri Sep  6 03:32:26 2013 , since_id : 3619372964983941 
Loop  : 398, Time : Fri Sep  6 03:33:30 2013 , since_id : 3619372964983941 
Loop  : 399, Time : Fri Sep  6 03:34:30 2013 , since_id : 3619372964983941 
Loop  : 400, Time : Fri Sep  6 03:35:30 2013 , since_id : 3619372964983941 
Loop  : 401, Time : Fri Sep  6 03:36:31 2013 , since_id : 3619372964983941 
Loop  : 402, Time : Fri Sep  6 03:37:32 2013 , since_id : 3619372964983941 
Loop  : 403, Time : Fri Sep  6 03:38:32 2013 , since_id : 3619372964983941 
Loop  : 404, Time : Fri Sep  6 03:39:33 2013 , since_id : 3619372964983941 
Loop  : 405, Time : Fri Sep  6 03:40:34 2013 , since_id : 3619372964983941 
Loop  : 406, Time : Fri Sep  6 03:41:34 2013 , since_id : 3619372964983941 
Loop  : 407, Time : Fri Sep  6 03:42:35 2013 , since_id : 3619372964983941 
Loop  : 408, Time : Fri Sep  6 03:43:35 2013 , since_id : 3619372964983941 
Loop  : 409, Time : Fri Sep  6 03:44:36 2013 , since_id : 3619372964983941 
Loop  : 410, Time : Fri Sep  6 03:45:37 2013 , since_id : 3619372964983941 
Loop  : 411, Time : Fri Sep  6 03:46:38 2013 , since_id : 3619372964983941 
Loop  : 412, Time : Fri Sep  6 03:47:38 2013 , since_id : 3619372964983941 
Loop  : 413, Time : Fri Sep  6 03:48:38 2013 , since_id : 3619372964983941 
Loop  : 414, Time : Fri Sep  6 03:49:39 2013 , since_id : 3619372964983941 
Loop  : 415, Time : Fri Sep  6 03:50:43 2013 , since_id : 3619372964983941 
Loop  : 416, Time : Fri Sep  6 03:51:44 2013 , since_id : 3619372964983941 
Loop  : 417, Time : Fri Sep  6 03:52:53 2013 , since_id : 3619372964983941 
Loop  : 418, Time : Fri Sep  6 03:53:53 2013 , since_id : 3619372964983941 
Loop  : 419, Time : Fri Sep  6 03:54:54 2013 , since_id : 3619372964983941 
Loop  : 420, Time : Fri Sep  6 03:55:54 2013 , since_id : 3619372964983941 
Loop  : 421, Time : Fri Sep  6 03:56:55 2013 , since_id : 3619372964983941 
Loop  : 422, Time : Fri Sep  6 03:57:55 2013 , since_id : 3619372964983941 
Loop  : 423, Time : Fri Sep  6 03:58:56 2013 , since_id : 3619372964983941 
Loop  : 424, Time : Fri Sep  6 03:59:57 2013 , since_id : 3619372964983941 
Loop  : 425, Time : Fri Sep  6 04:00:58 2013 , since_id : 3619372964983941 
Loop  : 426, Time : Fri Sep  6 04:01:58 2013 , since_id : 3619372964983941 
Loop  : 427, Time : Fri Sep  6 04:02:59 2013 , since_id : 3619372964983941 
Loop  : 428, Time : Fri Sep  6 04:03:59 2013 , since_id : 3619372964983941 
Loop  : 429, Time : Fri Sep  6 04:05:00 2013 , since_id : 3619372964983941 
Loop  : 430, Time : Fri Sep  6 04:06:00 2013 , since_id : 3619372964983941 
Loop  : 431, Time : Fri Sep  6 04:07:01 2013 , since_id : 3619372964983941 
Loop  : 432, Time : Fri Sep  6 04:08:02 2013 , since_id : 3619372964983941 
Loop  : 433, Time : Fri Sep  6 04:09:02 2013 , since_id : 3619372964983941 
Loop  : 434, Time : Fri Sep  6 04:10:02 2013 , since_id : 3619372964983941 
Loop  : 435, Time : Fri Sep  6 04:11:03 2013 , since_id : 3619372964983941 
Loop  : 436, Time : Fri Sep  6 04:12:04 2013 , since_id : 3619372964983941 
Loop  : 437, Time : Fri Sep  6 04:13:04 2013 , since_id : 3619372964983941 
Loop  : 438, Time : Fri Sep  6 04:14:05 2013 , since_id : 3619372964983941 
Loop  : 439, Time : Fri Sep  6 04:15:05 2013 , since_id : 3619372964983941 
Loop  : 440, Time : Fri Sep  6 04:16:06 2013 , since_id : 3619372964983941 
Loop  : 441, Time : Fri Sep  6 04:17:06 2013 , since_id : 3619372964983941 
Loop  : 442, Time : Fri Sep  6 04:18:07 2013 , since_id : 3619372964983941 
Loop  : 443, Time : Fri Sep  6 04:19:07 2013 , since_id : 3619372964983941 
Loop  : 444, Time : Fri Sep  6 04:20:08 2013 , since_id : 3619372964983941 
Loop  : 445, Time : Fri Sep  6 04:21:08 2013 , since_id : 3619372964983941 
Loop  : 446, Time : Fri Sep  6 04:22:09 2013 , since_id : 3619372964983941 
Loop  : 447, Time : Fri Sep  6 04:23:10 2013 , since_id : 3619372964983941 
Loop  : 448, Time : Fri Sep  6 04:24:10 2013 , since_id : 3619372964983941 
Loop  : 449, Time : Fri Sep  6 04:25:11 2013 , since_id : 3619372964983941 
Loop  : 450, Time : Fri Sep  6 04:26:11 2013 , since_id : 3619372964983941 
Loop  : 451, Time : Fri Sep  6 04:27:11 2013 , since_id : 3619388064715512 
Loop  : 452, Time : Fri Sep  6 04:28:12 2013 , since_id : 3619388064715512 
Loop  : 453, Time : Fri Sep  6 04:29:12 2013 , since_id : 3619388064715512 
Loop  : 454, Time : Fri Sep  6 04:30:13 2013 , since_id : 3619388064715512 
Loop  : 455, Time : Fri Sep  6 04:31:14 2013 , since_id : 3619388064715512 
Loop  : 456, Time : Fri Sep  6 04:32:15 2013 , since_id : 3619388064715512 
Loop  : 457, Time : Fri Sep  6 04:33:18 2013 , since_id : 3619388064715512 
Loop  : 458, Time : Fri Sep  6 04:34:19 2013 , since_id : 3619388064715512 
Loop  : 459, Time : Fri Sep  6 04:35:19 2013 , since_id : 3619388064715512 
Loop  : 460, Time : Fri Sep  6 04:36:20 2013 , since_id : 3619388064715512 
Loop  : 461, Time : Fri Sep  6 04:37:26 2013 , since_id : 3619388064715512 
Loop  : 462, Time : Fri Sep  6 04:38:26 2013 , since_id : 3619388064715512 
Loop  : 463, Time : Fri Sep  6 04:39:27 2013 , since_id : 3619388064715512 
Loop  : 464, Time : Fri Sep  6 04:40:27 2013 , since_id : 3619388064715512 
Loop  : 465, Time : Fri Sep  6 04:41:28 2013 , since_id : 3619388064715512 
Loop  : 466, Time : Fri Sep  6 04:42:28 2013 , since_id : 3619388064715512 
Loop  : 467, Time : Fri Sep  6 04:43:28 2013 , since_id : 3619388064715512 
Loop  : 468, Time : Fri Sep  6 04:44:29 2013 , since_id : 3619388064715512 
Loop  : 469, Time : Fri Sep  6 04:45:29 2013 , since_id : 3619388064715512 
Loop  : 470, Time : Fri Sep  6 04:46:30 2013 , since_id : 3619388064715512 
Loop  : 471, Time : Fri Sep  6 04:47:30 2013 , since_id : 3619388064715512 
Loop  : 472, Time : Fri Sep  6 04:48:31 2013 , since_id : 3619388064715512 
Loop  : 473, Time : Fri Sep  6 04:49:36 2013 , since_id : 3619388064715512 
Loop  : 474, Time : Fri Sep  6 04:50:37 2013 , since_id : 3619388064715512 
Loop  : 475, Time : Fri Sep  6 04:51:37 2013 , since_id : 3619388064715512 
Loop  : 476, Time : Fri Sep  6 04:52:41 2013 , since_id : 3619388064715512 
Loop  : 477, Time : Fri Sep  6 04:53:47 2013 , since_id : 3619388064715512 
Loop  : 478, Time : Fri Sep  6 04:54:48 2013 , since_id : 3619388064715512 
Loop  : 479, Time : Fri Sep  6 04:55:49 2013 , since_id : 3619388064715512 
Loop  : 480, Time : Fri Sep  6 04:56:49 2013 , since_id : 3619388064715512 
Loop  : 481, Time : Fri Sep  6 04:57:50 2013 , since_id : 3619388064715512 
Loop  : 482, Time : Fri Sep  6 04:58:50 2013 , since_id : 3619388064715512 
Loop  : 483, Time : Fri Sep  6 04:59:50 2013 , since_id : 3619388064715512 
Loop  : 484, Time : Fri Sep  6 05:00:54 2013 , since_id : 3619388064715512 
Loop  : 485, Time : Fri Sep  6 05:01:55 2013 , since_id : 3619388064715512 
Loop  : 486, Time : Fri Sep  6 05:03:04 2013 , since_id : 3619388064715512 
Loop  : 487, Time : Fri Sep  6 05:04:05 2013 , since_id : 3619388064715512 
Loop  : 488, Time : Fri Sep  6 05:05:05 2013 , since_id : 3619388064715512 
Loop  : 489, Time : Fri Sep  6 05:06:06 2013 , since_id : 3619397685824147 
Loop  : 490, Time : Fri Sep  6 05:07:06 2013 , since_id : 3619397685824147 
Loop  : 491, Time : Fri Sep  6 05:08:06 2013 , since_id : 3619397685824147 
Loop  : 492, Time : Fri Sep  6 05:09:07 2013 , since_id : 3619397685824147 
Loop  : 493, Time : Fri Sep  6 05:10:13 2013 , since_id : 3619397685824147 
Loop  : 494, Time : Fri Sep  6 05:11:14 2013 , since_id : 3619397685824147 
Loop  : 495, Time : Fri Sep  6 05:12:15 2013 , since_id : 3619397685824147 
Loop  : 496, Time : Fri Sep  6 05:13:16 2013 , since_id : 3619397685824147 
Loop  : 497, Time : Fri Sep  6 05:14:16 2013 , since_id : 3619397685824147 
Loop  : 498, Time : Fri Sep  6 05:15:17 2013 , since_id : 3619397685824147 
Loop  : 499, Time : Fri Sep  6 05:16:20 2013 , since_id : 3619397685824147 
Loop  : 500, Time : Fri Sep  6 05:17:21 2013 , since_id : 3619397685824147 
Loop  : 501, Time : Fri Sep  6 05:18:22 2013 , since_id : 3619397685824147 
Loop  : 502, Time : Fri Sep  6 05:19:22 2013 , since_id : 3619397685824147 
Loop  : 503, Time : Fri Sep  6 05:20:23 2013 , since_id : 3619397685824147 
Loop  : 504, Time : Fri Sep  6 05:21:23 2013 , since_id : 3619397685824147 
Loop  : 505, Time : Fri Sep  6 05:22:24 2013 , since_id : 3619397685824147 
Loop  : 506, Time : Fri Sep  6 05:23:24 2013 , since_id : 3619397685824147 
Loop  : 507, Time : Fri Sep  6 05:24:25 2013 , since_id : 3619397685824147 
Loop  : 508, Time : Fri Sep  6 05:25:25 2013 , since_id : 3619397685824147 
Loop  : 509, Time : Fri Sep  6 05:26:26 2013 , since_id : 3619397685824147 
Loop  : 510, Time : Fri Sep  6 05:27:27 2013 , since_id : 3619403163897679 
Loop  : 511, Time : Fri Sep  6 05:28:27 2013 , since_id : 3619403163897679 
Loop  : 512, Time : Fri Sep  6 05:29:28 2013 , since_id : 3619403163897679 
Loop  : 513, Time : Fri Sep  6 05:30:28 2013 , since_id : 3619403163897679 
Loop  : 514, Time : Fri Sep  6 05:31:29 2013 , since_id : 3619403163897679 
Loop  : 515, Time : Fri Sep  6 05:32:29 2013 , since_id : 3619403163897679 
Loop  : 516, Time : Fri Sep  6 05:33:30 2013 , since_id : 3619403163897679 
Loop  : 517, Time : Fri Sep  6 05:34:30 2013 , since_id : 3619403163897679 
Loop  : 518, Time : Fri Sep  6 05:35:31 2013 , since_id : 3619403163897679 
Loop  : 519, Time : Fri Sep  6 05:36:31 2013 , since_id : 3619403163897679 
Loop  : 520, Time : Fri Sep  6 05:37:32 2013 , since_id : 3619403163897679 
Loop  : 521, Time : Fri Sep  6 05:38:32 2013 , since_id : 3619403163897679 
Loop  : 522, Time : Fri Sep  6 05:39:33 2013 , since_id : 3619403163897679 
Loop  : 523, Time : Fri Sep  6 05:40:33 2013 , since_id : 3619403163897679 
Loop  : 524, Time : Fri Sep  6 05:41:33 2013 , since_id : 3619403163897679 
Loop  : 525, Time : Fri Sep  6 05:42:34 2013 , since_id : 3619403163897679 
Loop  : 526, Time : Fri Sep  6 05:43:34 2013 , since_id : 3619403163897679 
Loop  : 527, Time : Fri Sep  6 05:44:35 2013 , since_id : 3619403163897679 
Loop  : 528, Time : Fri Sep  6 05:45:35 2013 , since_id : 3619407815227818 
Loop  : 529, Time : Fri Sep  6 05:46:42 2013 , since_id : 3619407815227818 
Loop  : 530, Time : Fri Sep  6 05:47:42 2013 , since_id : 3619407815227818 
Loop  : 531, Time : Fri Sep  6 05:48:45 2013 , since_id : 3619407815227818 
Loop  : 532, Time : Fri Sep  6 05:49:46 2013 , since_id : 3619407815227818 
Loop  : 533, Time : Fri Sep  6 05:50:46 2013 , since_id : 3619407815227818 
Loop  : 534, Time : Fri Sep  6 05:51:47 2013 , since_id : 3619407815227818 
Loop  : 535, Time : Fri Sep  6 05:52:47 2013 , since_id : 3619407815227818 
Loop  : 536, Time : Fri Sep  6 05:53:48 2013 , since_id : 3619407815227818 
Loop  : 537, Time : Fri Sep  6 05:54:48 2013 , since_id : 3619407815227818 
Loop  : 538, Time : Fri Sep  6 05:55:49 2013 , since_id : 3619407815227818 
Loop  : 539, Time : Fri Sep  6 05:56:50 2013 , since_id : 3619407815227818 
Loop  : 540, Time : Fri Sep  6 05:57:53 2013 , since_id : 3619407815227818 
Loop  : 541, Time : Fri Sep  6 05:58:54 2013 , since_id : 3619407815227818 
Loop  : 542, Time : Fri Sep  6 05:59:58 2013 , since_id : 3619407815227818 
Loop  : 543, Time : Fri Sep  6 06:00:58 2013 , since_id : 3619407815227818 
Loop  : 544, Time : Fri Sep  6 06:01:58 2013 , since_id : 3619407815227818 
Loop  : 545, Time : Fri Sep  6 06:02:59 2013 , since_id : 3619407815227818 
Loop  : 546, Time : Fri Sep  6 06:03:59 2013 , since_id : 3619407815227818 
Loop  : 547, Time : Fri Sep  6 06:05:00 2013 , since_id : 3619407815227818 
Loop  : 548, Time : Fri Sep  6 06:06:00 2013 , since_id : 3619407815227818 
Loop  : 549, Time : Fri Sep  6 06:07:01 2013 , since_id : 3619407815227818 
Loop  : 550, Time : Fri Sep  6 06:08:01 2013 , since_id : 3619407815227818 
Loop  : 551, Time : Fri Sep  6 06:09:02 2013 , since_id : 3619407815227818 
Loop  : 552, Time : Fri Sep  6 06:10:02 2013 , since_id : 3619407815227818 
Loop  : 553, Time : Fri Sep  6 06:11:03 2013 , since_id : 3619407815227818 
Loop  : 554, Time : Fri Sep  6 06:12:04 2013 , since_id : 3619407815227818 
Loop  : 555, Time : Fri Sep  6 06:13:04 2013 , since_id : 3619407815227818 
Loop  : 556, Time : Fri Sep  6 06:14:04 2013 , since_id : 3619407815227818 
Loop  : 557, Time : Fri Sep  6 06:15:05 2013 , since_id : 3619407815227818 
Loop  : 558, Time : Fri Sep  6 06:16:06 2013 , since_id : 3619407815227818 
Loop  : 559, Time : Fri Sep  6 06:17:06 2013 , since_id : 3619407815227818 
Loop  : 560, Time : Fri Sep  6 06:18:07 2013 , since_id : 3619407815227818 
Loop  : 561, Time : Fri Sep  6 06:19:07 2013 , since_id : 3619407815227818 
Loop  : 562, Time : Fri Sep  6 06:20:08 2013 , since_id : 3619407815227818 
Loop  : 563, Time : Fri Sep  6 06:21:08 2013 , since_id : 3619407815227818 
Loop  : 564, Time : Fri Sep  6 06:22:09 2013 , since_id : 3619407815227818 
Loop  : 565, Time : Fri Sep  6 06:23:09 2013 , since_id : 3619407815227818 
Loop  : 566, Time : Fri Sep  6 06:24:10 2013 , since_id : 3619407815227818 
Loop  : 567, Time : Fri Sep  6 06:25:10 2013 , since_id : 3619407815227818 
Loop  : 568, Time : Fri Sep  6 06:26:11 2013 , since_id : 3619407815227818 
Loop  : 569, Time : Fri Sep  6 06:27:11 2013 , since_id : 3619418267777361 
Loop  : 570, Time : Fri Sep  6 06:28:12 2013 , since_id : 3619418267777361 
Loop  : 571, Time : Fri Sep  6 06:29:12 2013 , since_id : 3619418267777361 
Loop  : 572, Time : Fri Sep  6 06:30:13 2013 , since_id : 3619418267777361 
Loop  : 573, Time : Fri Sep  6 06:31:13 2013 , since_id : 3619418267777361 
Loop  : 574, Time : Fri Sep  6 06:32:14 2013 , since_id : 3619418267777361 
Loop  : 575, Time : Fri Sep  6 06:33:14 2013 , since_id : 3619418267777361 
Loop  : 576, Time : Fri Sep  6 06:34:15 2013 , since_id : 3619418267777361 
Loop  : 577, Time : Fri Sep  6 06:35:16 2013 , since_id : 3619418267777361 
Loop  : 578, Time : Fri Sep  6 06:36:16 2013 , since_id : 3619418267777361 
Loop  : 579, Time : Fri Sep  6 06:37:16 2013 , since_id : 3619418267777361 
Loop  : 580, Time : Fri Sep  6 06:38:17 2013 , since_id : 3619418267777361 
Loop  : 581, Time : Fri Sep  6 06:39:18 2013 , since_id : 3619421278718782 
Loop  : 582, Time : Fri Sep  6 06:40:19 2013 , since_id : 3619421278718782 
Loop  : 583, Time : Fri Sep  6 06:41:19 2013 , since_id : 3619421278718782 
Loop  : 584, Time : Fri Sep  6 06:42:20 2013 , since_id : 3619421278718782 
Loop  : 585, Time : Fri Sep  6 06:43:20 2013 , since_id : 3619421278718782 
Loop  : 586, Time : Fri Sep  6 06:44:21 2013 , since_id : 3619421278718782 
Loop  : 587, Time : Fri Sep  6 06:45:21 2013 , since_id : 3619421278718782 
Loop  : 588, Time : Fri Sep  6 06:46:22 2013 , since_id : 3619421278718782 
Loop  : 589, Time : Fri Sep  6 06:47:22 2013 , since_id : 3619421278718782 
Loop  : 590, Time : Fri Sep  6 06:48:23 2013 , since_id : 3619421278718782 
Loop  : 591, Time : Fri Sep  6 06:49:23 2013 , since_id : 3619421278718782 
Loop  : 592, Time : Fri Sep  6 06:50:27 2013 , since_id : 3619421278718782 
Loop  : 593, Time : Fri Sep  6 06:51:27 2013 , since_id : 3619421278718782 
Loop  : 594, Time : Fri Sep  6 06:52:28 2013 , since_id : 3619421278718782 
Loop  : 595, Time : Fri Sep  6 06:53:31 2013 , since_id : 3619421278718782 
Loop  : 596, Time : Fri Sep  6 06:54:32 2013 , since_id : 3619421278718782 
Loop  : 597, Time : Fri Sep  6 06:55:32 2013 , since_id : 3619421278718782 
Loop  : 598, Time : Fri Sep  6 06:56:33 2013 , since_id : 3619421278718782 
Loop  : 599, Time : Fri Sep  6 06:57:33 2013 , since_id : 3619421278718782 
Loop  : 600, Time : Fri Sep  6 06:58:34 2013 , since_id : 3619421278718782 
Loop  : 601, Time : Fri Sep  6 06:59:34 2013 , since_id : 3619421278718782 
Loop  : 602, Time : Fri Sep  6 07:00:34 2013 , since_id : 3619421278718782 
Loop  : 603, Time : Fri Sep  6 07:01:35 2013 , since_id : 3619421278718782 
Loop  : 604, Time : Fri Sep  6 07:02:36 2013 , since_id : 3619421278718782 
Loop  : 605, Time : Fri Sep  6 07:03:36 2013 , since_id : 3619421278718782 
Loop  : 606, Time : Fri Sep  6 07:04:37 2013 , since_id : 3619421278718782 
Loop  : 607, Time : Fri Sep  6 07:05:40 2013 , since_id : 3619421278718782 
Loop  : 608, Time : Fri Sep  6 07:06:41 2013 , since_id : 3619421278718782 
Loop  : 609, Time : Fri Sep  6 07:07:43 2013 , since_id : 3619421278718782 
Loop  : 610, Time : Fri Sep  6 07:08:44 2013 , since_id : 3619421278718782 
Loop  : 611, Time : Fri Sep  6 07:09:44 2013 , since_id : 3619421278718782 
Loop  : 612, Time : Fri Sep  6 07:10:45 2013 , since_id : 3619421278718782 
Loop  : 613, Time : Fri Sep  6 07:11:45 2013 , since_id : 3619429486726874 
Loop  : 614, Time : Fri Sep  6 07:12:46 2013 , since_id : 3619429486726874 
Loop  : 615, Time : Fri Sep  6 07:13:46 2013 , since_id : 3619429486726874 
Loop  : 616, Time : Fri Sep  6 07:14:47 2013 , since_id : 3619429486726874 
Loop  : 617, Time : Fri Sep  6 07:15:47 2013 , since_id : 3619429486726874 
Loop  : 618, Time : Fri Sep  6 07:16:48 2013 , since_id : 3619429486726874 
Loop  : 619, Time : Fri Sep  6 07:17:57 2013 , since_id : 3619429486726874 
Loop  : 620, Time : Fri Sep  6 07:18:58 2013 , since_id : 3619431102256780 
Loop  : 621, Time : Fri Sep  6 07:19:58 2013 , since_id : 3619431102256780 
Loop  : 622, Time : Fri Sep  6 07:20:59 2013 , since_id : 3619431102256780 
Loop  : 623, Time : Fri Sep  6 07:21:59 2013 , since_id : 3619431102256780 
Loop  : 624, Time : Fri Sep  6 07:23:00 2013 , since_id : 3619431102256780 
Loop  : 625, Time : Fri Sep  6 07:24:01 2013 , since_id : 3619431102256780 
Loop  : 626, Time : Fri Sep  6 07:25:01 2013 , since_id : 3619431102256780 
Loop  : 627, Time : Fri Sep  6 07:26:02 2013 , since_id : 3619431102256780 
Loop  : 628, Time : Fri Sep  6 07:27:03 2013 , since_id : 3619433367153837 
Loop  : 629, Time : Fri Sep  6 07:28:03 2013 , since_id : 3619433367153837 
Loop  : 630, Time : Fri Sep  6 07:29:04 2013 , since_id : 3619433367153837 
Loop  : 631, Time : Fri Sep  6 07:30:07 2013 , since_id : 3619433367153837 
Loop  : 632, Time : Fri Sep  6 07:31:08 2013 , since_id : 3619434222593325 
Loop  : 633, Time : Fri Sep  6 07:32:09 2013 , since_id : 3619434222593325 
Loop  : 634, Time : Fri Sep  6 07:33:09 2013 , since_id : 3619434222593325 
Loop  : 635, Time : Fri Sep  6 07:34:10 2013 , since_id : 3619434222593325 
Loop  : 636, Time : Fri Sep  6 07:35:10 2013 , since_id : 3619434222593325 
Loop  : 637, Time : Fri Sep  6 07:36:11 2013 , since_id : 3619434222593325 
Loop  : 638, Time : Fri Sep  6 07:37:11 2013 , since_id : 3619434222593325 
Loop  : 639, Time : Fri Sep  6 07:38:15 2013 , since_id : 3619434222593325 
Loop  : 640, Time : Fri Sep  6 07:39:15 2013 , since_id : 3619436387023819 
Loop  : 641, Time : Fri Sep  6 07:40:16 2013 , since_id : 3619436387023819 
Loop  : 642, Time : Fri Sep  6 07:41:16 2013 , since_id : 3619436793313016 
Loop  : 643, Time : Fri Sep  6 07:42:17 2013 , since_id : 3619436793313016 
Loop  : 644, Time : Fri Sep  6 07:43:17 2013 , since_id : 3619436793313016 
Loop  : 645, Time : Fri Sep  6 07:44:18 2013 , since_id : 3619436793313016 
Loop  : 646, Time : Fri Sep  6 07:45:18 2013 , since_id : 3619437762238217 
Loop  : 647, Time : Fri Sep  6 07:46:22 2013 , since_id : 3619437762238217 
Loop  : 648, Time : Fri Sep  6 07:47:31 2013 , since_id : 3619437762238217 
Loop  : 649, Time : Fri Sep  6 07:48:32 2013 , since_id : 3619437762238217 
Loop  : 650, Time : Fri Sep  6 07:49:36 2013 , since_id : 3619437762238217 
Loop  : 651, Time : Fri Sep  6 07:50:36 2013 , since_id : 3619437762238217 
Loop  : 652, Time : Fri Sep  6 07:51:36 2013 , since_id : 3619437762238217 
Loop  : 653, Time : Fri Sep  6 07:52:37 2013 , since_id : 3619437762238217 
Loop  : 654, Time : Fri Sep  6 07:53:38 2013 , since_id : 3619437762238217 
Loop  : 655, Time : Fri Sep  6 07:54:39 2013 , since_id : 3619437762238217 
Loop  : 656, Time : Fri Sep  6 07:55:39 2013 , since_id : 3619440555502045 
Loop  : 657, Time : Fri Sep  6 07:56:43 2013 , since_id : 3619440555502045 
Loop  : 658, Time : Fri Sep  6 07:57:43 2013 , since_id : 3619440555502045 
Loop  : 659, Time : Fri Sep  6 07:58:44 2013 , since_id : 3619440555502045 
Loop  : 660, Time : Fri Sep  6 07:59:44 2013 , since_id : 3619441487189626 
Loop  : 661, Time : Fri Sep  6 08:00:48 2013 , since_id : 3619441855810675 
Loop  : 662, Time : Fri Sep  6 08:01:50 2013 , since_id : 3619441855810675 
Loop  : 663, Time : Fri Sep  6 08:02:51 2013 , since_id : 3619442141919439 
Loop  : 664, Time : Fri Sep  6 08:03:52 2013 , since_id : 3619442141919439 
Loop  : 665, Time : Fri Sep  6 08:04:52 2013 , since_id : 3619442799657644 
Loop  : 666, Time : Fri Sep  6 08:05:53 2013 , since_id : 3619442799657644 
Loop  : 667, Time : Fri Sep  6 08:06:54 2013 , since_id : 3619443181618755 
Loop  : 668, Time : Fri Sep  6 08:07:54 2013 , since_id : 3619443181618755 
Loop  : 669, Time : Fri Sep  6 08:08:55 2013 , since_id : 3619443719012051 
Loop  : 670, Time : Fri Sep  6 08:09:56 2013 , since_id : 3619443719012051 
Loop  : 671, Time : Fri Sep  6 08:10:56 2013 , since_id : 3619444368361815 
Loop  : 672, Time : Fri Sep  6 08:11:57 2013 , since_id : 3619444368361815 
Loop  : 673, Time : Fri Sep  6 08:12:57 2013 , since_id : 3619444368361815 
Loop  : 674, Time : Fri Sep  6 08:13:58 2013 , since_id : 3619444368361815 
Loop  : 675, Time : Fri Sep  6 08:14:58 2013 , since_id : 3619445383306762 
Loop  : 676, Time : Fri Sep  6 08:16:02 2013 , since_id : 3619445383306762 
Loop  : 677, Time : Fri Sep  6 08:17:02 2013 , since_id : 3619445937002831 
Loop  : 678, Time : Fri Sep  6 08:18:03 2013 , since_id : 3619446063020352 
Loop  : 679, Time : Fri Sep  6 08:19:04 2013 , since_id : 3619446063020352 
Loop  : 680, Time : Fri Sep  6 08:20:05 2013 , since_id : 3619446063020352 
Loop  : 681, Time : Fri Sep  6 08:21:05 2013 , since_id : 3619446961150401 
Loop  : 682, Time : Fri Sep  6 08:22:06 201